{"D:\\repos\\genaiExp\\menus\\rightHandDropDown - Copy\\dropdown.js": {"path":"D:\\repos\\genaiExp\\menus\\rightHandDropDown - Copy\\dropdown.js","statementMap":{"0":{"start":{"line":6,"column":4},"end":{"line":8,"column":52}},"1":{"start":{"line":8,"column":23},"end":{"line":8,"column":50}},"2":{"start":{"line":10,"column":4},"end":{"line":12,"column":62}},"3":{"start":{"line":12,"column":27},"end":{"line":12,"column":60}},"4":{"start":{"line":17,"column":4},"end":{"line":19,"column":5}},"5":{"start":{"line":18,"column":8},"end":{"line":18,"column":28}},"6":{"start":{"line":23,"column":4},"end":{"line":25,"column":5}},"7":{"start":{"line":24,"column":8},"end":{"line":24,"column":28}},"8":{"start":{"line":31,"column":4},"end":{"line":38,"column":5}},"9":{"start":{"line":32,"column":8},"end":{"line":32,"column":39}},"10":{"start":{"line":33,"column":28},"end":{"line":33,"column":62}},"11":{"start":{"line":34,"column":8},"end":{"line":34,"column":64}},"12":{"start":{"line":34,"column":25},"end":{"line":34,"column":64}},"13":{"start":{"line":36,"column":8},"end":{"line":36,"column":107}},"14":{"start":{"line":36,"column":77},"end":{"line":36,"column":105}},"15":{"start":{"line":37,"column":8},"end":{"line":37,"column":116}},"16":{"start":{"line":37,"column":78},"end":{"line":37,"column":114}},"17":{"start":{"line":44,"column":4},"end":{"line":55,"column":5}},"18":{"start":{"line":45,"column":25},"end":{"line":45,"column":72}},"19":{"start":{"line":47,"column":8},"end":{"line":54,"column":9}},"20":{"start":{"line":48,"column":12},"end":{"line":48,"column":46}},"21":{"start":{"line":49,"column":26},"end":{"line":49,"column":66}},"22":{"start":{"line":50,"column":12},"end":{"line":50,"column":56}},"23":{"start":{"line":50,"column":23},"end":{"line":50,"column":56}},"24":{"start":{"line":52,"column":12},"end":{"line":52,"column":121}},"25":{"start":{"line":52,"column":87},"end":{"line":52,"column":119}},"26":{"start":{"line":53,"column":12},"end":{"line":53,"column":122}},"27":{"start":{"line":53,"column":84},"end":{"line":53,"column":120}},"28":{"start":{"line":61,"column":4},"end":{"line":61,"column":23}},"29":{"start":{"line":62,"column":4},"end":{"line":62,"column":24}},"30":{"start":{"line":64,"column":19},"end":{"line":64,"column":44}},"31":{"start":{"line":65,"column":19},"end":{"line":65,"column":52}},"32":{"start":{"line":68,"column":4},"end":{"line":72,"column":7}},"33":{"start":{"line":69,"column":9},"end":{"line":71,"column":10}},"34":{"start":{"line":70,"column":12},"end":{"line":70,"column":35}},"35":{"start":{"line":75,"column":4},"end":{"line":75,"column":45}},"36":{"start":{"line":77,"column":4},"end":{"line":77,"column":45}},"37":{"start":{"line":80,"column":5},"end":{"line":83,"column":6}},"38":{"start":{"line":81,"column":9},"end":{"line":81,"column":109}},"39":{"start":{"line":81,"column":79},"end":{"line":81,"column":107}},"40":{"start":{"line":82,"column":9},"end":{"line":82,"column":118}},"41":{"start":{"line":82,"column":80},"end":{"line":82,"column":116}},"42":{"start":{"line":88,"column":4},"end":{"line":88,"column":23}},"43":{"start":{"line":89,"column":4},"end":{"line":89,"column":24}},"44":{"start":{"line":91,"column":20},"end":{"line":91,"column":43}},"45":{"start":{"line":92,"column":21},"end":{"line":92,"column":39}},"46":{"start":{"line":93,"column":19},"end":{"line":93,"column":53}},"47":{"start":{"line":96,"column":21},"end":{"line":96,"column":64}},"48":{"start":{"line":97,"column":4},"end":{"line":101,"column":7}},"49":{"start":{"line":98,"column":8},"end":{"line":100,"column":9}},"50":{"start":{"line":99,"column":13},"end":{"line":99,"column":34}},"51":{"start":{"line":104,"column":4},"end":{"line":104,"column":46}},"52":{"start":{"line":106,"column":4},"end":{"line":106,"column":45}},"53":{"start":{"line":109,"column":4},"end":{"line":112,"column":5}},"54":{"start":{"line":110,"column":8},"end":{"line":110,"column":117}},"55":{"start":{"line":110,"column":83},"end":{"line":110,"column":115}},"56":{"start":{"line":111,"column":8},"end":{"line":111,"column":118}},"57":{"start":{"line":111,"column":80},"end":{"line":111,"column":116}},"58":{"start":{"line":120,"column":4},"end":{"line":124,"column":7}},"59":{"start":{"line":122,"column":8},"end":{"line":122,"column":67}},"60":{"start":{"line":123,"column":8},"end":{"line":123,"column":64}},"61":{"start":{"line":126,"column":4},"end":{"line":130,"column":7}},"62":{"start":{"line":128,"column":8},"end":{"line":128,"column":72}},"63":{"start":{"line":129,"column":8},"end":{"line":129,"column":69}},"64":{"start":{"line":134,"column":4},"end":{"line":134,"column":71}},"65":{"start":{"line":135,"column":4},"end":{"line":135,"column":68}},"66":{"start":{"line":137,"column":4},"end":{"line":137,"column":67}},"67":{"start":{"line":138,"column":4},"end":{"line":138,"column":64}},"68":{"start":{"line":147,"column":0},"end":{"line":154,"column":3}},"69":{"start":{"line":148,"column":4},"end":{"line":148,"column":26}},"70":{"start":{"line":151,"column":4},"end":{"line":153,"column":6}},"71":{"start":{"line":152,"column":9},"end":{"line":152,"column":33}},"72":{"start":{"line":158,"column":0},"end":{"line":171,"column":1}},"73":{"start":{"line":159,"column":4},"end":{"line":170,"column":6}}},"fnMap":{"0":{"name":"closeAllDropdowns","decl":{"start":{"line":4,"column":9},"end":{"line":4,"column":26}},"loc":{"start":{"line":4,"column":29},"end":{"line":13,"column":1}},"line":4},"1":{"name":"(anonymous_1)","decl":{"start":{"line":8,"column":17},"end":{"line":8,"column":18}},"loc":{"start":{"line":8,"column":23},"end":{"line":8,"column":50}},"line":8},"2":{"name":"(anonymous_2)","decl":{"start":{"line":12,"column":17},"end":{"line":12,"column":18}},"loc":{"start":{"line":12,"column":27},"end":{"line":12,"column":60}},"line":12},"3":{"name":"closeDropdownOnOutsideClick","decl":{"start":{"line":15,"column":9},"end":{"line":15,"column":36}},"loc":{"start":{"line":15,"column":40},"end":{"line":20,"column":1}},"line":15},"4":{"name":"closeDropdownOnEscape","decl":{"start":{"line":21,"column":9},"end":{"line":21,"column":30}},"loc":{"start":{"line":21,"column":34},"end":{"line":26,"column":1}},"line":21},"5":{"name":"dismissDropdown","decl":{"start":{"line":30,"column":9},"end":{"line":30,"column":24}},"loc":{"start":{"line":30,"column":32},"end":{"line":39,"column":1}},"line":30},"6":{"name":"(anonymous_6)","decl":{"start":{"line":36,"column":70},"end":{"line":36,"column":71}},"loc":{"start":{"line":36,"column":77},"end":{"line":36,"column":105}},"line":36},"7":{"name":"(anonymous_7)","decl":{"start":{"line":37,"column":65},"end":{"line":37,"column":66}},"loc":{"start":{"line":37,"column":78},"end":{"line":37,"column":114}},"line":37},"8":{"name":"hideSubmenu","decl":{"start":{"line":42,"column":9},"end":{"line":42,"column":20}},"loc":{"start":{"line":42,"column":30},"end":{"line":56,"column":1}},"line":42},"9":{"name":"(anonymous_9)","decl":{"start":{"line":52,"column":76},"end":{"line":52,"column":77}},"loc":{"start":{"line":52,"column":87},"end":{"line":52,"column":119}},"line":52},"10":{"name":"(anonymous_10)","decl":{"start":{"line":53,"column":71},"end":{"line":53,"column":72}},"loc":{"start":{"line":53,"column":84},"end":{"line":53,"column":120}},"line":53},"11":{"name":"toggleDropdownHandler","decl":{"start":{"line":60,"column":9},"end":{"line":60,"column":30}},"loc":{"start":{"line":60,"column":34},"end":{"line":84,"column":1}},"line":60},"12":{"name":"(anonymous_12)","decl":{"start":{"line":68,"column":56},"end":{"line":68,"column":57}},"loc":{"start":{"line":68,"column":65},"end":{"line":72,"column":5}},"line":68},"13":{"name":"(anonymous_13)","decl":{"start":{"line":81,"column":72},"end":{"line":81,"column":73}},"loc":{"start":{"line":81,"column":79},"end":{"line":81,"column":107}},"line":81},"14":{"name":"(anonymous_14)","decl":{"start":{"line":82,"column":67},"end":{"line":82,"column":68}},"loc":{"start":{"line":82,"column":80},"end":{"line":82,"column":116}},"line":82},"15":{"name":"handleSubmenuToggleHandler","decl":{"start":{"line":87,"column":9},"end":{"line":87,"column":35}},"loc":{"start":{"line":87,"column":39},"end":{"line":113,"column":1}},"line":87},"16":{"name":"(anonymous_16)","decl":{"start":{"line":97,"column":21},"end":{"line":97,"column":22}},"loc":{"start":{"line":97,"column":32},"end":{"line":101,"column":5}},"line":97},"17":{"name":"(anonymous_17)","decl":{"start":{"line":110,"column":72},"end":{"line":110,"column":73}},"loc":{"start":{"line":110,"column":83},"end":{"line":110,"column":115}},"line":110},"18":{"name":"(anonymous_18)","decl":{"start":{"line":111,"column":67},"end":{"line":111,"column":68}},"loc":{"start":{"line":111,"column":80},"end":{"line":111,"column":116}},"line":111},"19":{"name":"initializeDropdowns","decl":{"start":{"line":118,"column":9},"end":{"line":118,"column":28}},"loc":{"start":{"line":118,"column":31},"end":{"line":143,"column":1}},"line":118},"20":{"name":"(anonymous_20)","decl":{"start":{"line":120,"column":53},"end":{"line":120,"column":54}},"loc":{"start":{"line":120,"column":63},"end":{"line":124,"column":5}},"line":120},"21":{"name":"(anonymous_21)","decl":{"start":{"line":126,"column":78},"end":{"line":126,"column":79}},"loc":{"start":{"line":126,"column":88},"end":{"line":130,"column":5}},"line":126},"22":{"name":"(anonymous_22)","decl":{"start":{"line":147,"column":46},"end":{"line":147,"column":47}},"loc":{"start":{"line":147,"column":58},"end":{"line":154,"column":1}},"line":147}},"branchMap":{"0":{"loc":{"start":{"line":17,"column":4},"end":{"line":19,"column":5}},"type":"if","locations":[{"start":{"line":17,"column":4},"end":{"line":19,"column":5}},{"start":{},"end":{}}],"line":17},"1":{"loc":{"start":{"line":23,"column":4},"end":{"line":25,"column":5}},"type":"if","locations":[{"start":{"line":23,"column":4},"end":{"line":25,"column":5}},{"start":{},"end":{}}],"line":23},"2":{"loc":{"start":{"line":31,"column":4},"end":{"line":38,"column":5}},"type":"if","locations":[{"start":{"line":31,"column":4},"end":{"line":38,"column":5}},{"start":{},"end":{}}],"line":31},"3":{"loc":{"start":{"line":34,"column":8},"end":{"line":34,"column":64}},"type":"if","locations":[{"start":{"line":34,"column":8},"end":{"line":34,"column":64}},{"start":{},"end":{}}],"line":34},"4":{"loc":{"start":{"line":44,"column":4},"end":{"line":55,"column":5}},"type":"if","locations":[{"start":{"line":44,"column":4},"end":{"line":55,"column":5}},{"start":{},"end":{}}],"line":44},"5":{"loc":{"start":{"line":44,"column":8},"end":{"line":44,"column":91}},"type":"binary-expr","locations":[{"start":{"line":44,"column":8},"end":{"line":44,"column":41}},{"start":{"line":44,"column":45},"end":{"line":44,"column":91}}],"line":44},"6":{"loc":{"start":{"line":47,"column":8},"end":{"line":54,"column":9}},"type":"if","locations":[{"start":{"line":47,"column":8},"end":{"line":54,"column":9}},{"start":{},"end":{}}],"line":47},"7":{"loc":{"start":{"line":47,"column":12},"end":{"line":47,"column":59}},"type":"binary-expr","locations":[{"start":{"line":47,"column":12},"end":{"line":47,"column":20}},{"start":{"line":47,"column":24},"end":{"line":47,"column":59}}],"line":47},"8":{"loc":{"start":{"line":50,"column":12},"end":{"line":50,"column":56}},"type":"if","locations":[{"start":{"line":50,"column":12},"end":{"line":50,"column":56}},{"start":{},"end":{}}],"line":50},"9":{"loc":{"start":{"line":69,"column":9},"end":{"line":71,"column":10}},"type":"if","locations":[{"start":{"line":69,"column":9},"end":{"line":71,"column":10}},{"start":{},"end":{}}],"line":69},"10":{"loc":{"start":{"line":80,"column":5},"end":{"line":83,"column":6}},"type":"if","locations":[{"start":{"line":80,"column":5},"end":{"line":83,"column":6}},{"start":{},"end":{}}],"line":80},"11":{"loc":{"start":{"line":98,"column":8},"end":{"line":100,"column":9}},"type":"if","locations":[{"start":{"line":98,"column":8},"end":{"line":100,"column":9}},{"start":{},"end":{}}],"line":98},"12":{"loc":{"start":{"line":109,"column":4},"end":{"line":112,"column":5}},"type":"if","locations":[{"start":{"line":109,"column":4},"end":{"line":112,"column":5}},{"start":{},"end":{}}],"line":109},"13":{"loc":{"start":{"line":151,"column":4},"end":{"line":153,"column":6}},"type":"if","locations":[{"start":{"line":151,"column":4},"end":{"line":153,"column":6}},{"start":{},"end":{}}],"line":151},"14":{"loc":{"start":{"line":158,"column":0},"end":{"line":171,"column":1}},"type":"if","locations":[{"start":{"line":158,"column":0},"end":{"line":171,"column":1}},{"start":{},"end":{}}],"line":158},"15":{"loc":{"start":{"line":158,"column":4},"end":{"line":158,"column":51}},"type":"binary-expr","locations":[{"start":{"line":158,"column":4},"end":{"line":158,"column":33}},{"start":{"line":158,"column":37},"end":{"line":158,"column":51}}],"line":158}},"s":{"0":1,"1":3,"2":1,"3":3,"4":1,"5":1,"6":0,"7":0,"8":1,"9":1,"10":1,"11":1,"12":1,"13":1,"14":0,"15":1,"16":0,"17":24,"18":3,"19":3,"20":1,"21":1,"22":1,"23":1,"24":1,"25":0,"26":1,"27":0,"28":6,"29":6,"30":6,"31":6,"32":6,"33":2,"34":1,"35":6,"36":6,"37":6,"38":5,"39":0,"40":5,"41":0,"42":7,"43":7,"44":7,"45":7,"46":7,"47":7,"48":7,"49":31,"50":24,"51":7,"52":7,"53":7,"54":6,"55":0,"56":6,"57":0,"58":5,"59":10,"60":10,"61":5,"62":15,"63":15,"64":5,"65":5,"66":5,"67":5,"68":1,"69":0,"70":0,"71":0,"72":1,"73":1},"f":{"0":1,"1":3,"2":3,"3":1,"4":0,"5":1,"6":0,"7":0,"8":24,"9":0,"10":0,"11":6,"12":2,"13":0,"14":0,"15":7,"16":31,"17":0,"18":0,"19":5,"20":10,"21":15,"22":0},"b":{"0":[1,0],"1":[0,0],"2":[1,0],"3":[1,0],"4":[3,21],"5":[24,24],"6":[1,2],"7":[3,3],"8":[1,0],"9":[1,1],"10":[5,1],"11":[24,7],"12":[6,1],"13":[0,0],"14":[1,0],"15":[1,1]},"_coverageSchema":"1a1c01bbd47fc00a2c39e90264f33305004495a9","hash":"beb89f066911cc8b0bb82402b66f071237e4b4b0"}
}
