TN:
SF:dropdown.js
FN:4,closeAllDropdowns
FN:8,(anonymous_1)
FN:12,(anonymous_2)
FN:15,closeDropdownOnOutsideClick
FN:21,closeDropdownOnEscape
FN:30,dismissDropdown
FN:36,(anonymous_6)
FN:37,(anonymous_7)
FN:42,hideSubmenu
FN:52,(anonymous_9)
FN:53,(anonymous_10)
FN:60,toggleDropdownHandler
FN:68,(anonymous_12)
FN:81,(anonymous_13)
FN:82,(anonymous_14)
FN:87,handleSubmenuToggleHandler
FN:97,(anonymous_16)
FN:110,(anonymous_17)
FN:111,(anonymous_18)
FN:118,initializeDropdowns
FN:120,(anonymous_20)
FN:126,(anonymous_21)
FN:147,(anonymous_22)
FNF:23
FNH:13
FNDA:1,closeAllDropdowns
FNDA:3,(anonymous_1)
FNDA:3,(anonymous_2)
FNDA:1,closeDropdownOnOutsideClick
FNDA:0,closeDropdownOnEscape
FNDA:1,dismissDropdown
FNDA:0,(anonymous_6)
FNDA:0,(anonymous_7)
FNDA:24,hideSubmenu
FNDA:0,(anonymous_9)
FNDA:0,(anonymous_10)
FNDA:6,toggleDropdownHandler
FNDA:2,(anonymous_12)
FNDA:0,(anonymous_13)
FNDA:0,(anonymous_14)
FNDA:7,handleSubmenuToggleHandler
FNDA:31,(anonymous_16)
FNDA:0,(anonymous_17)
FNDA:0,(anonymous_18)
FNDA:5,initializeDropdowns
FNDA:10,(anonymous_20)
FNDA:15,(anonymous_21)
FNDA:0,(anonymous_22)
DA:6,1
DA:8,3
DA:10,1
DA:12,3
DA:17,1
DA:18,1
DA:23,0
DA:24,0
DA:31,1
DA:32,1
DA:33,1
DA:34,1
DA:36,1
DA:37,1
DA:44,24
DA:45,3
DA:47,3
DA:48,1
DA:49,1
DA:50,1
DA:52,1
DA:53,1
DA:61,6
DA:62,6
DA:64,6
DA:65,6
DA:68,6
DA:69,2
DA:70,1
DA:75,6
DA:77,6
DA:80,6
DA:81,5
DA:82,5
DA:88,7
DA:89,7
DA:91,7
DA:92,7
DA:93,7
DA:96,7
DA:97,7
DA:98,31
DA:99,24
DA:104,7
DA:106,7
DA:109,7
DA:110,6
DA:111,6
DA:120,5
DA:122,10
DA:123,10
DA:126,5
DA:128,15
DA:129,15
DA:134,5
DA:135,5
DA:137,5
DA:138,5
DA:147,1
DA:148,0
DA:151,0
DA:152,0
DA:158,1
DA:159,1
LF:64
LH:59
BRDA:17,0,0,1
BRDA:17,0,1,0
BRDA:23,1,0,0
BRDA:23,1,1,0
BRDA:31,2,0,1
BRDA:31,2,1,0
BRDA:34,3,0,1
BRDA:34,3,1,0
BRDA:44,4,0,3
BRDA:44,4,1,21
BRDA:44,5,0,24
BRDA:44,5,1,24
BRDA:47,6,0,1
BRDA:47,6,1,2
BRDA:47,7,0,3
BRDA:47,7,1,3
BRDA:50,8,0,1
BRDA:50,8,1,0
BRDA:69,9,0,1
BRDA:69,9,1,1
BRDA:80,10,0,5
BRDA:80,10,1,1
BRDA:98,11,0,24
BRDA:98,11,1,7
BRDA:109,12,0,6
BRDA:109,12,1,1
BRDA:151,13,0,0
BRDA:151,13,1,0
BRDA:158,14,0,1
BRDA:158,14,1,0
BRDA:158,15,0,1
BRDA:158,15,1,1
BRF:32
BRH:23
end_of_record
